d:\prjcts\voxel_engine\voxel_engine\x64\release\vc142.pdb
d:\prjcts\voxel_engine\voxel_engine\x64\release\voxel_engine.obj
d:\prjcts\voxel_engine\voxel_engine\x64\release\window.obj
d:\prjcts\voxel_engine\voxel_engine\x64\release\texture.obj
d:\prjcts\voxel_engine\voxel_engine\x64\release\shader.obj
d:\prjcts\voxel_engine\voxel_engine\x64\release\png_loader.obj
d:\prjcts\voxel_engine\voxel_engine\x64\release\events.obj
d:\prjcts\voxel_engine\voxel_engine\x64\release\camera.obj
d:\prjcts\voxel_engine\x64\release\voxel_engine.exe
d:\prjcts\voxel_engine\x64\release\voxel_engine.pdb
d:\prjcts\voxel_engine\voxel_engine\x64\release\voxel_engine.res
d:\prjcts\voxel_engine\x64\release\voxel_engine.ipdb
d:\prjcts\voxel_engine\x64\release\voxel_engine.iobj
d:\prjcts\voxel_engine\voxel_engine\x64\release\vcpkg.applocal.log
d:\prjcts\voxel_engine\x64\release\libpng16.dll
d:\prjcts\voxel_engine\x64\release\zlib1.dll
d:\prjcts\voxel_engine\voxel_engine\x64\release\voxel_engine.tlog\cl.command.1.tlog
d:\prjcts\voxel_engine\voxel_engine\x64\release\voxel_engine.tlog\cl.read.1.tlog
d:\prjcts\voxel_engine\voxel_engine\x64\release\voxel_engine.tlog\cl.write.1.tlog
d:\prjcts\voxel_engine\voxel_engine\x64\release\voxel_engine.tlog\link.command.1.tlog
d:\prjcts\voxel_engine\voxel_engine\x64\release\voxel_engine.tlog\link.read.1.tlog
d:\prjcts\voxel_engine\voxel_engine\x64\release\voxel_engine.tlog\link.write.1.tlog
d:\prjcts\voxel_engine\voxel_engine\x64\release\voxel_engine.tlog\rc.command.1.tlog
d:\prjcts\voxel_engine\voxel_engine\x64\release\voxel_engine.tlog\rc.read.1.tlog
d:\prjcts\voxel_engine\voxel_engine\x64\release\voxel_engine.tlog\rc.write.1.tlog
d:\prjcts\voxel_engine\voxel_engine\x64\release\voxel_engine.tlog\voxel_engine.write.1u.tlog
