  voxel_engine.cpp
D:\prjcts\voxel_engine\voxel_engine\Window.h(10,17): warning C4099: GLFWwindow: имя типа, ранее отображенное с помощью "struct", теперь отображено с помощью "class"
D:\prjcts\voxel_engine\gllib\include\GLFW\glfw3.h(1157): message : см. объявление "GLFWwindow"
D:\prjcts\voxel_engine\voxel_engine\voxel_engine.cpp(53,31): warning C4305: аргумент: усечение из "double" в "GLclampf"
D:\prjcts\voxel_engine\voxel_engine\voxel_engine.cpp(66,17): warning C4244: инициализация: преобразование "double" в "float", возможна потеря данных
D:\prjcts\voxel_engine\voxel_engine\voxel_engine.cpp(77,21): warning C4244: инициализация: преобразование "double" в "float", возможна потеря данных
LINK : warning LNK4098: библиотека по умолчанию "LIBCMT" конфликтует с использованием других библиотек; используйте /NODEFAULTLIB:library
LINK : warning LNK4098: библиотека по умолчанию "MSVCRTD" конфликтует с использованием других библиотек; используйте /NODEFAULTLIB:library
  Создание кода
  1 of 280 functions ( 0.4%) were compiled, the rest were copied from previous compilation.
    0 functions were new in current compilation
    1 functions had inline decision re-evaluated but remain unchanged
  Создание кода завершено
LINK : warning LNK4286: Символ "__glewLinkProgram", определенный в "glew32s.lib(glew.obj)", импортирован "Shader.obj".
LINK : warning LNK4286: Символ "__glewDeleteShader", определенный в "glew32s.lib(glew.obj)", импортирован "Shader.obj".
LINK : warning LNK4286: Символ "__glewGetProgramInfoLog", определенный в "glew32s.lib(glew.obj)", импортирован "Shader.obj".
LINK : warning LNK4286: Символ "__glewUniformMatrix4fv", определенный в "glew32s.lib(glew.obj)", импортирован "Shader.obj".
LINK : warning LNK4286: Символ "__glewShaderSource", определенный в "glew32s.lib(glew.obj)", импортирован "Shader.obj".
LINK : warning LNK4286: Символ "__glewDeleteProgram", определенный в "glew32s.lib(glew.obj)", импортирован "Shader.obj".
LINK : warning LNK4286: Символ "__glewAttachShader", определенный в "glew32s.lib(glew.obj)", импортирован "Shader.obj".
LINK : warning LNK4286: Символ "__glewGetUniformLocation", определенный в "glew32s.lib(glew.obj)", импортирован "Shader.obj".
LINK : warning LNK4286: Символ "__glewGetProgramiv", определенный в "glew32s.lib(glew.obj)", импортирован "Shader.obj".
LINK : warning LNK4286: Символ "__glewGetShaderInfoLog", определенный в "glew32s.lib(glew.obj)", импортирован "Shader.obj".
LINK : warning LNK4286: Символ "__glewCreateProgram", определенный в "glew32s.lib(glew.obj)", импортирован "Shader.obj".
LINK : warning LNK4286: Символ "__glewCreateShader", определенный в "glew32s.lib(glew.obj)", импортирован "Shader.obj".
LINK : warning LNK4286: Символ "__glewCompileShader", определенный в "glew32s.lib(glew.obj)", импортирован "Shader.obj".
LINK : warning LNK4286: Символ "__glewGetShaderiv", определенный в "glew32s.lib(glew.obj)", импортирован "Shader.obj".
LINK : warning LNK4286: Символ "__glewUseProgram", определенный в "glew32s.lib(glew.obj)", импортирован "Shader.obj".
glew32s.lib(glew.obj) : warning LNK4099: "vc120.pdb" PDB не найден с "glew32s.lib(glew.obj)" или на "D:\prjcts\voxel_engine\x64\Release\vc120.pdb"; компоновка объекта выполняется как при отсутствии отладочных данных
  voxel_engine.vcxproj -> D:\prjcts\voxel_engine\x64\Release\voxel_engine.exe
